=== Experiment: numbers ===
INDEX_ALL=0
INDEX_NUMBERS=1
INDEX_DATES=0
INDEX_TEXT=0
INDEX_DEFAULT=0

[Info] Running drop_indexes.sh
[Info] Dropping date indexes
[Info] Keeping numbers indexes
[Info] Dropping text indexes
[Info] Running create_indexes.sh
[Info] Creating indexes for numbers

[Info] Running queries(1,2,3,4,5,6,7,8,9,10,11,12,13,14,15,16,17,18,19,20,21,22) for numbers
BEGIN;
BEGIN
EXPLAIN
select
	l_returnflag,
	l_linestatus,
	sum(l_quantity) as sum_qty,
	sum(l_extendedprice) as sum_base_price,
	sum(l_extendedprice * (1 - l_discount)) as sum_disc_price,
	sum(l_extendedprice * (1 - l_discount) * (1 + l_tax)) as sum_charge,
	avg(l_quantity) as avg_qty,
	avg(l_extendedprice) as avg_price,
	avg(l_discount) as avg_disc,
	count(*) as count_order
from
	lineitem
where
	l_shipdate <= date '1998-12-01' - interval '103 days'
group by
	l_returnflag,
	l_linestatus
order by
	l_returnflag,
	l_linestatus;
                                              QUERY PLAN                                              
------------------------------------------------------------------------------------------------------
 Finalize GroupAggregate  (cost=616624.45..629658.44 rows=40000 width=248)
   Group Key: l_returnflag, l_linestatus
   ->  Gather Merge  (cost=616624.45..625958.44 rows=80000 width=248)
         Workers Planned: 2
         ->  Sort  (cost=615624.43..615724.43 rows=40000 width=248)
               Sort Key: l_returnflag, l_linestatus
               ->  Partial HashAggregate  (cost=561450.09..607915.39 rows=40000 width=248)
                     Group Key: l_returnflag, l_linestatus
                     Planned Partitions: 8
                     ->  Parallel Seq Scan on lineitem  (cost=0.00..287537.56 rows=1666388 width=88)
                           Filter: (l_shipdate <= '1998-08-20 00:00:00'::timestamp without time zone)
 JIT:
   Functions: 9
   Options: Inlining true, Optimization true, Expressions true, Deforming true
(14 rows)

COMMIT;
COMMIT

Query 1 execution times in seconds: 0.190,0.195,0.186,0.189,0.190,0.184,0.180,0.180,0.183,0.193
Average execution time: 0.1870 seconds

BEGIN;
BEGIN
EXPLAIN
select
	s_acctbal,
	s_name,
	n_name,
	p_partkey,
	p_mfgr,
	s_address,
	s_phone,
	s_comment
from
	part,
	supplier,
	partsupp,
	nation,
	region
where
	p_partkey = ps_partkey
	and s_suppkey = ps_suppkey
	and p_size = 23
	and p_type like '%STEEL'
	and s_nationkey = n_nationkey
	and n_regionkey = r_regionkey
	and r_name = 'MIDDLE EAST'
	and ps_supplycost = (
		select
			min(ps_supplycost)
		from
			partsupp,
			supplier,
			nation,
			region
		where
			p_partkey = ps_partkey
			and s_suppkey = ps_suppkey
			and s_nationkey = n_nationkey
			and n_regionkey = r_regionkey
			and r_name = 'MIDDLE EAST'
	)
order by
	s_acctbal desc,
	n_name,
	s_name,
	p_partkey
LIMIT 100;
                                                          QUERY PLAN                                                          
------------------------------------------------------------------------------------------------------------------------------
 Limit  (cost=112752.79..112752.80 rows=1 width=270)
   ->  Sort  (cost=112752.79..112752.80 rows=1 width=270)
         Sort Key: supplier.s_acctbal DESC, nation.n_name, supplier.s_name, part.p_partkey
         ->  Hash Join  (cost=56524.34..112752.78 rows=1 width=270)
               Hash Cond: ((part.p_partkey = partsupp.ps_partkey) AND ((SubPlan 1) = partsupp.ps_supplycost))
               ->  Bitmap Heap Scan on part  (cost=88.94..8678.08 rows=1687 width=30)
                     Recheck Cond: (p_size = 23)
                     Filter: ((p_type)::text ~~ '%STEEL'::text)
                     ->  Bitmap Index Scan on p_s  (cost=0.00..88.52 rows=8013 width=0)
                           Index Cond: (p_size = 23)
               ->  Hash  (cost=40697.40..40697.40 rows=320000 width=250)
                     ->  Nested Loop  (cost=1.99..40697.40 rows=320000 width=250)
                           ->  Nested Loop  (cost=1.56..986.02 rows=4000 width=244)
                                 Join Filter: (nation.n_regionkey = region.r_regionkey)
                                 ->  Seq Scan on region  (cost=0.00..1.06 rows=1 width=4)
                                       Filter: (r_name = 'MIDDLE EAST'::bpchar)
                                 ->  Hash Join  (cost=1.56..734.96 rows=20000 width=248)
                                       Hash Cond: (supplier.s_nationkey = nation.n_nationkey)
                                       ->  Seq Scan on supplier  (cost=0.00..672.00 rows=20000 width=144)
                                       ->  Hash  (cost=1.25..1.25 rows=25 width=112)
                                             ->  Seq Scan on nation  (cost=0.00..1.25 rows=25 width=112)
                           ->  Index Scan using ps_sk on partsupp  (cost=0.43..9.12 rows=81 width=14)
                                 Index Cond: (ps_suppkey = supplier.s_suppkey)
               SubPlan 1
                 ->  Aggregate  (cost=43.46..43.47 rows=1 width=32)
                       ->  Nested Loop  (cost=0.85..43.45 rows=1 width=6)
                             Join Filter: (nation_1.n_regionkey = region_1.r_regionkey)
                             ->  Seq Scan on region region_1  (cost=0.00..1.06 rows=1 width=4)
                                   Filter: (r_name = 'MIDDLE EAST'::bpchar)
                             ->  Nested Loop  (cost=0.85..42.34 rows=4 width=10)
                                   ->  Nested Loop  (cost=0.71..41.72 rows=4 width=10)
                                         ->  Index Scan using ps_pk on partsupp partsupp_1  (cost=0.43..8.50 rows=4 width=10)
                                               Index Cond: (ps_partkey = part.p_partkey)
                                         ->  Index Scan using s_sk on supplier supplier_1  (cost=0.29..8.30 rows=1 width=8)
                                               Index Cond: (s_suppkey = partsupp_1.ps_suppkey)
                                   ->  Index Scan using n_nk on nation nation_1  (cost=0.14..0.16 rows=1 width=8)
                                         Index Cond: (n_nationkey = supplier_1.s_nationkey)
 JIT:
   Functions: 55
   Options: Inlining false, Optimization false, Expressions true, Deforming true
(40 rows)

COMMIT;
COMMIT

Query 2 execution times in seconds: 0.200,0.198,0.199,0.195,0.196,0.187,0.186,0.201,0.195,0.202
Average execution time: 0.1959 seconds

BEGIN;
BEGIN
EXPLAIN
select
	l_orderkey,
	sum(l_extendedprice * (1 - l_discount)) as revenue,
	o_orderdate,
	o_shippriority
from
	customer,
	orders,
	lineitem
where
	c_mktsegment = 'MACHINERY'
	and c_custkey = o_custkey
	and l_orderkey = o_orderkey
	and o_orderdate < date '1995-03-02'
	and l_shipdate > date '1995-03-02'
group by
	l_orderkey,
	o_orderdate,
	o_shippriority
order by
	revenue desc,
	o_orderdate
LIMIT 10;
                                                             QUERY PLAN                                                             
------------------------------------------------------------------------------------------------------------------------------------
 Limit  (cost=452427.32..452427.34 rows=10 width=44)
   ->  Sort  (cost=452427.32..453379.17 rows=380739 width=44)
         Sort Key: (sum((lineitem.l_extendedprice * ('1'::numeric - lineitem.l_discount)))) DESC, orders.o_orderdate
         ->  Finalize GroupAggregate  (cost=394092.98..444199.69 rows=380739 width=44)
               Group Key: lineitem.l_orderkey, orders.o_orderdate, orders.o_shippriority
               ->  Gather Merge  (cost=394092.98..435474.42 rows=317282 width=44)
                     Workers Planned: 2
                     ->  Partial GroupAggregate  (cost=393092.95..397852.18 rows=158641 width=44)
                           Group Key: lineitem.l_orderkey, orders.o_orderdate, orders.o_shippriority
                           ->  Sort  (cost=393092.95..393489.56 rows=158641 width=48)
                                 Sort Key: lineitem.l_orderkey, orders.o_orderdate, orders.o_shippriority
                                 ->  Parallel Hash Join  (cost=80059.99..374507.52 rows=158641 width=48)
                                       Hash Cond: (lineitem.l_orderkey = orders.o_orderkey)
                                       ->  Parallel Seq Scan on lineitem  (cost=0.00..287537.56 rows=1666388 width=40)
                                             Filter: (l_shipdate > '1995-03-02'::date)
                                       ->  Parallel Hash  (cost=78572.48..78572.48 rows=119001 width=12)
                                             ->  Parallel Hash Join  (cost=9119.40..78572.48 rows=119001 width=12)
                                                   Hash Cond: (orders.o_custkey = customer.c_custkey)
                                                   ->  Parallel Seq Scan on orders  (cost=0.00..67873.00 rows=601925 width=16)
                                                         Filter: (o_orderdate < '1995-03-02'::date)
                                                   ->  Parallel Hash  (cost=8810.50..8810.50 rows=24712 width=4)
                                                         ->  Parallel Seq Scan on customer  (cost=0.00..8810.50 rows=24712 width=4)
                                                               Filter: (c_mktsegment = 'MACHINERY'::bpchar)
 JIT:
   Functions: 34
   Options: Inlining false, Optimization false, Expressions true, Deforming true
(26 rows)

COMMIT;
COMMIT

Query 3 execution times in seconds: 0.191,0.187,0.191,0.182,0.198,0.191,0.189,0.195,0.180,0.197
Average execution time: 0.1901 seconds

BEGIN;
BEGIN
EXPLAIN
select
	o_orderpriority,
	count(*) as order_count
from
	orders
where
	o_orderdate >= date '1993-07-01'
	and o_orderdate < cast(date '1993-07-01' + interval '3 month' as date)
	and exists (
		select
			*
		from
			lineitem
		where
			l_orderkey = o_orderkey
			and l_commitdate < l_receiptdate
	)
group by
	o_orderpriority
order by
	o_orderpriority;
                                                QUERY PLAN                                                
----------------------------------------------------------------------------------------------------------
 Sort  (cost=386981.82..386981.83 rows=5 width=24)
   Sort Key: orders.o_orderpriority
   ->  HashAggregate  (cost=386981.71..386981.76 rows=5 width=24)
         Group Key: orders.o_orderpriority
         ->  Nested Loop  (cost=385021.71..386706.78 rows=54986 width=16)
               ->  HashAggregate  (cost=385021.28..385023.28 rows=200 width=4)
                     Group Key: lineitem.l_orderkey
                     ->  Seq Scan on lineitem  (cost=0.00..375022.95 rows=3999332 width=4)
                           Filter: (l_commitdate < l_receiptdate)
               ->  Index Scan using o_ok on orders  (cost=0.43..8.41 rows=1 width=20)
                     Index Cond: (o_orderkey = lineitem.l_orderkey)
                     Filter: ((o_orderdate >= '1993-07-01'::date) AND (o_orderdate < '1993-10-01'::date))
 JIT:
   Functions: 13
   Options: Inlining false, Optimization false, Expressions true, Deforming true
(15 rows)

COMMIT;
COMMIT

Query 4 execution times in seconds: 0.183,0.186,0.190,0.189,0.190,0.192,0.193,0.187,0.189,0.184
Average execution time: 0.1883 seconds

BEGIN;
BEGIN
EXPLAIN
select
	n_name,
	sum(l_extendedprice * (1 - l_discount)) as revenue
from
	customer,
	orders,
	lineitem,
	supplier,
	nation,
	region
where
	c_custkey = o_custkey
	and l_orderkey = o_orderkey
	and l_suppkey = s_suppkey
	and c_nationkey = s_nationkey
	and s_nationkey = n_nationkey
	and n_regionkey = r_regionkey
	and r_name = 'AFRICA'
	and o_orderdate >= date '1994-01-01'
	and o_orderdate < date '1994-01-01' + interval '1 year'
group by
	n_name
order by
	revenue desc;
                                                                                  QUERY PLAN                                                                                  
------------------------------------------------------------------------------------------------------------------------------------------------------------------------------
 Sort  (cost=347436.73..347436.79 rows=25 width=136)
   Sort Key: (sum((lineitem.l_extendedprice * ('1'::numeric - lineitem.l_discount)))) DESC
   ->  Finalize GroupAggregate  (cost=347352.78..347436.15 rows=25 width=136)
         Group Key: nation.n_name
         ->  Gather Merge  (cost=347352.78..347435.46 rows=50 width=136)
               Workers Planned: 2
               ->  Partial GroupAggregate  (cost=346352.75..346429.66 rows=25 width=136)
                     Group Key: nation.n_name
                     ->  Sort  (cost=346352.75..346368.07 rows=6128 width=140)
                           Sort Key: nation.n_name
                           ->  Hash Join  (cost=50738.06..345967.26 rows=6128 width=140)
                                 Hash Cond: ((lineitem.l_suppkey = supplier.s_suppkey) AND (customer.c_nationkey = supplier.s_nationkey))
                                 ->  Parallel Hash Join  (cost=49766.06..344190.94 rows=153204 width=152)
                                       Hash Cond: (lineitem.l_orderkey = orders.o_orderkey)
                                       ->  Parallel Seq Scan on lineitem  (cost=0.00..275039.65 rows=4999165 width=44)
                                       ->  Parallel Hash  (cost=49287.21..49287.21 rows=38308 width=116)
                                             ->  Nested Loop  (cost=2.89..49287.21 rows=38308 width=116)
                                                   ->  Hash Join  (cost=2.46..9219.21 rows=25000 width=116)
                                                         Hash Cond: (customer.c_nationkey = nation.n_nationkey)
                                                         ->  Parallel Seq Scan on customer  (cost=0.00..8498.00 rows=125000 width=8)
                                                         ->  Hash  (cost=2.40..2.40 rows=5 width=108)
                                                               ->  Hash Join  (cost=1.07..2.40 rows=5 width=108)
                                                                     Hash Cond: (nation.n_regionkey = region.r_regionkey)
                                                                     ->  Seq Scan on nation  (cost=0.00..1.25 rows=25 width=112)
                                                                     ->  Hash  (cost=1.06..1.06 rows=1 width=4)
                                                                           ->  Seq Scan on region  (cost=0.00..1.06 rows=1 width=4)
                                                                                 Filter: (r_name = 'AFRICA'::bpchar)
                                                   ->  Index Scan using o_ck on orders  (cost=0.43..1.57 rows=3 width=8)
                                                         Index Cond: (o_custkey = customer.c_custkey)
                                                         Filter: ((o_orderdate >= '1994-01-01'::date) AND (o_orderdate < '1995-01-01 00:00:00'::timestamp without time zone))
                                 ->  Hash  (cost=672.00..672.00 rows=20000 width=8)
                                       ->  Seq Scan on supplier  (cost=0.00..672.00 rows=20000 width=8)
 JIT:
   Functions: 53
   Options: Inlining false, Optimization false, Expressions true, Deforming true
(35 rows)

COMMIT;
COMMIT

Query 5 execution times in seconds: 0.205,0.204,0.202,0.203,0.205,0.197,0.185,0.178,0.198,0.209
Average execution time: 0.1986 seconds

BEGIN;
BEGIN
EXPLAIN
select
	sum(l_extendedprice * l_discount) as revenue
from
	lineitem
where
	l_shipdate >= date '1995-01-01'
	and l_shipdate < cast(date '1995-01-01' + interval '1 year' as date)
	and l_discount between 0.06 - 0.01 and 0.06 + 0.01
	and l_quantity < 24;
                                               QUERY PLAN                                               
--------------------------------------------------------------------------------------------------------
 Aggregate  (cost=135467.87..135467.88 rows=1 width=32)
   ->  Bitmap Heap Scan on lineitem  (cost=75184.06..135467.36 rows=100 width=36)
         Recheck Cond: ((l_discount >= 0.05) AND (l_discount <= 0.07) AND (l_quantity < '24'::numeric))
         Filter: ((l_shipdate >= '1995-01-01'::date) AND (l_shipdate < '1996-01-01'::date))
         ->  BitmapAnd  (cost=75184.06..75184.06 rows=19997 width=0)
               ->  Bitmap Index Scan on l_disc  (cost=0.00..1260.34 rows=59990 width=0)
                     Index Cond: ((l_discount >= 0.05) AND (l_discount <= 0.07))
               ->  Bitmap Index Scan on l_q  (cost=0.00..73923.42 rows=3999332 width=0)
                     Index Cond: (l_quantity < '24'::numeric)
 JIT:
   Functions: 7
   Options: Inlining false, Optimization false, Expressions true, Deforming true
(12 rows)

COMMIT;
COMMIT

Query 6 execution times in seconds: 0.190,0.183,0.183,0.191,0.189,0.183,0.182,0.186,0.187,0.178
Average execution time: 0.1852 seconds

BEGIN;
BEGIN
EXPLAIN
select
	supp_nation,
	cust_nation,
	l_year,
	sum(volume) as revenue
from
	(
		select
			n1.n_name as supp_nation,
			n2.n_name as cust_nation,
			extract(year from l_shipdate) as l_year,
			l_extendedprice * (1 - l_discount) as volume
		from
			supplier,
			lineitem,
			orders,
			customer,
			nation n1,
			nation n2
		where
			s_suppkey = l_suppkey
			and o_orderkey = l_orderkey
			and c_custkey = o_custkey
			and s_nationkey = n1.n_nationkey
			and c_nationkey = n2.n_nationkey
			and (
				(n1.n_name = 'VIETNAM' and n2.n_name = 'JAPAN')
				or (n1.n_name = 'JAPAN' and n2.n_name = 'VIETNAM')
			)
			and l_shipdate between date '1995-01-01' and date '1996-12-31'
	) as shipping
group by
	supp_nation,
	cust_nation,
	l_year
order by
	supp_nation,
	cust_nation,
	l_year;
                                                                                     QUERY PLAN                                                                                      
-------------------------------------------------------------------------------------------------------------------------------------------------------------------------------------
 Finalize GroupAggregate  (cost=309889.63..309916.56 rows=200 width=272)
   Group Key: n1.n_name, n2.n_name, (EXTRACT(year FROM lineitem.l_shipdate))
   ->  Gather Merge  (cost=309889.63..309911.49 rows=166 width=272)
         Workers Planned: 2
         ->  Partial GroupAggregate  (cost=308889.60..308892.30 rows=83 width=272)
               Group Key: n1.n_name, n2.n_name, (EXTRACT(year FROM lineitem.l_shipdate))
               ->  Sort  (cost=308889.60..308889.81 rows=83 width=276)
                     Sort Key: n1.n_name, n2.n_name, (EXTRACT(year FROM lineitem.l_shipdate))
                     ->  Hash Join  (cost=757.05..308886.96 rows=83 width=276)
                           Hash Cond: (customer.c_nationkey = n2.n_nationkey)
                           Join Filter: (((n1.n_name = 'VIETNAM'::bpchar) AND (n2.n_name = 'JAPAN'::bpchar)) OR ((n1.n_name = 'JAPAN'::bpchar) AND (n2.n_name = 'VIETNAM'::bpchar)))
                           ->  Nested Loop  (cost=755.65..308880.10 rows=2000 width=148)
                                 ->  Nested Loop  (cost=755.23..307978.57 rows=2000 width=148)
                                       ->  Hash Join  (cost=754.80..300904.01 rows=2000 width=148)
                                             Hash Cond: (lineitem.l_suppkey = supplier.s_suppkey)
                                             ->  Parallel Seq Scan on lineitem  (cost=0.00..300035.47 rows=24996 width=48)
                                                   Filter: ((l_shipdate >= '1995-01-01'::date) AND (l_shipdate <= '1996-12-31'::date))
                                             ->  Hash  (cost=734.80..734.80 rows=1600 width=108)
                                                   ->  Hash Join  (cost=1.40..734.80 rows=1600 width=108)
                                                         Hash Cond: (supplier.s_nationkey = n1.n_nationkey)
                                                         ->  Seq Scan on supplier  (cost=0.00..672.00 rows=20000 width=8)
                                                         ->  Hash  (cost=1.38..1.38 rows=2 width=108)
                                                               ->  Seq Scan on nation n1  (cost=0.00..1.38 rows=2 width=108)
                                                                     Filter: ((n_name = 'VIETNAM'::bpchar) OR (n_name = 'JAPAN'::bpchar))
                                       ->  Index Scan using o_ok on orders  (cost=0.43..3.54 rows=1 width=8)
                                             Index Cond: (o_orderkey = lineitem.l_orderkey)
                                 ->  Index Scan using c_ck on customer  (cost=0.42..0.45 rows=1 width=8)
                                       Index Cond: (c_custkey = orders.o_custkey)
                           ->  Hash  (cost=1.38..1.38 rows=2 width=108)
                                 ->  Seq Scan on nation n2  (cost=0.00..1.38 rows=2 width=108)
                                       Filter: ((n_name = 'JAPAN'::bpchar) OR (n_name = 'VIETNAM'::bpchar))
 JIT:
   Functions: 52
   Options: Inlining false, Optimization false, Expressions true, Deforming true
(34 rows)

COMMIT;
COMMIT

Query 7 execution times in seconds: 0.198,0.203,0.203,0.185,0.199,0.199,0.196,0.201,0.195,0.198
Average execution time: 0.1977 seconds

BEGIN;
BEGIN
EXPLAIN
select
	o_year,
	sum(case
		when nation = 'VIETNAM' then volume
		else 0
	end) / sum(volume) as mkt_share
from
	(
		select
			extract(year from o_orderdate) as o_year,
			l_extendedprice * (1 - l_discount) as volume,
			n2.n_name as nation
		from
			part,
			supplier,
			lineitem,
			orders,
			customer,
			nation n1,
			nation n2,
			region
		where
			p_partkey = l_partkey
			and s_suppkey = l_suppkey
			and l_orderkey = o_orderkey
			and o_custkey = c_custkey
			and c_nationkey = n1.n_nationkey
			and n1.n_regionkey = r_regionkey
			and r_name = 'ASIA'
			and s_nationkey = n2.n_nationkey
			and o_orderdate between date '1995-01-01' and date '1996-12-31'
			and p_type = 'SMALL BURNISHED COPPER'
	) as all_nations
group by
	o_year
order by
	o_year;
                                                                  QUERY PLAN                                                                   
-----------------------------------------------------------------------------------------------------------------------------------------------
 Finalize GroupAggregate  (cost=320819.02..321464.16 rows=2406 width=64)
   Group Key: (EXTRACT(year FROM orders.o_orderdate))
   ->  Gather Merge  (cost=320819.02..321365.59 rows=4036 width=96)
         Workers Planned: 2
         ->  Partial GroupAggregate  (cost=319819.00..319899.72 rows=2018 width=96)
               Group Key: (EXTRACT(year FROM orders.o_orderdate))
               ->  Sort  (cost=319819.00..319824.04 rows=2018 width=172)
                     Sort Key: (EXTRACT(year FROM orders.o_orderdate))
                     ->  Hash Join  (cost=10326.38..319708.22 rows=2018 width=172)
                           Hash Cond: (supplier.s_nationkey = n2.n_nationkey)
                           ->  Nested Loop  (cost=10324.81..319695.41 rows=2018 width=44)
                                 ->  Hash Join  (cost=10324.53..319079.57 rows=2018 width=44)
                                       Hash Cond: (customer.c_nationkey = n1.n_nationkey)
                                       ->  Nested Loop  (cost=10322.06..319019.09 rows=10090 width=48)
                                             ->  Nested Loop  (cost=10321.64..314221.08 rows=10090 width=48)
                                                   ->  Parallel Hash Join  (cost=10321.21..298483.80 rows=33295 width=44)
                                                         Hash Cond: (lineitem.l_partkey = part.p_partkey)
                                                         ->  Parallel Seq Scan on lineitem  (cost=0.00..275039.65 rows=4999165 width=48)
                                                         ->  Parallel Hash  (cost=10307.33..10307.33 rows=1110 width=4)
                                                               ->  Parallel Seq Scan on part  (cost=0.00..10307.33 rows=1110 width=4)
                                                                     Filter: ((p_type)::text = 'SMALL BURNISHED COPPER'::text)
                                                   ->  Index Scan using o_ok on orders  (cost=0.43..0.47 rows=1 width=12)
                                                         Index Cond: (o_orderkey = lineitem.l_orderkey)
                                                         Filter: ((o_orderdate >= '1995-01-01'::date) AND (o_orderdate <= '1996-12-31'::date))
                                             ->  Index Scan using c_ck on customer  (cost=0.42..0.48 rows=1 width=8)
                                                   Index Cond: (c_custkey = orders.o_custkey)
                                       ->  Hash  (cost=2.40..2.40 rows=5 width=4)
                                             ->  Hash Join  (cost=1.07..2.40 rows=5 width=4)
                                                   Hash Cond: (n1.n_regionkey = region.r_regionkey)
                                                   ->  Seq Scan on nation n1  (cost=0.00..1.25 rows=25 width=8)
                                                   ->  Hash  (cost=1.06..1.06 rows=1 width=4)
                                                         ->  Seq Scan on region  (cost=0.00..1.06 rows=1 width=4)
                                                               Filter: (r_name = 'ASIA'::bpchar)
                                 ->  Index Scan using s_sk on supplier  (cost=0.29..0.31 rows=1 width=8)
                                       Index Cond: (s_suppkey = lineitem.l_suppkey)
                           ->  Hash  (cost=1.25..1.25 rows=25 width=108)
                                 ->  Seq Scan on nation n2  (cost=0.00..1.25 rows=25 width=108)
 JIT:
   Functions: 59
   Options: Inlining false, Optimization false, Expressions true, Deforming true
(40 rows)

COMMIT;
COMMIT

Query 8 execution times in seconds: 0.205,0.205,0.203,0.210,0.199,0.200,0.201,0.208,0.196,0.199
Average execution time: 0.2026 seconds

BEGIN;
BEGIN
EXPLAIN
select
	nation,
	o_year,
	sum(amount) as sum_profit
from
	(
		select
			n_name as nation,
			extract(year from o_orderdate) as o_year,
			l_extendedprice * (1 - l_discount) - ps_supplycost * l_quantity as amount
		from
			part,
			supplier,
			lineitem,
			partsupp,
			orders,
			nation
		where
			s_suppkey = l_suppkey
			and ps_suppkey = l_suppkey
			and ps_partkey = l_partkey
			and p_partkey = l_partkey
			and o_orderkey = l_orderkey
			and s_nationkey = n_nationkey
			and p_name like '%azure%'
	) as profit
group by
	nation,
	o_year
order by
	nation,
	o_year desc;
                                                               QUERY PLAN                                                                
-----------------------------------------------------------------------------------------------------------------------------------------
 Finalize GroupAggregate  (cost=445309.43..466242.36 rows=60150 width=168)
   Group Key: nation.n_name, (EXTRACT(year FROM orders.o_orderdate))
   ->  Gather Merge  (cost=445309.43..464137.11 rows=120300 width=168)
         Workers Planned: 2
         ->  Partial GroupAggregate  (cost=444309.41..449251.48 rows=60150 width=168)
               Group Key: nation.n_name, (EXTRACT(year FROM orders.o_orderdate))
               ->  Sort  (cost=444309.41..444814.39 rows=201991 width=196)
                     Sort Key: nation.n_name, (EXTRACT(year FROM orders.o_orderdate)) DESC
                     ->  Hash Join  (cost=924.85..407176.03 rows=201991 width=196)
                           Hash Cond: (supplier.s_nationkey = nation.n_nationkey)
                           ->  Nested Loop  (cost=923.29..406049.37 rows=201991 width=68)
                                 ->  Hash Join  (cost=922.86..311585.85 rows=201991 width=68)
                                       Hash Cond: (lineitem.l_suppkey = supplier.s_suppkey)
                                       ->  Nested Loop  (cost=0.86..310133.52 rows=201991 width=72)
                                             ->  Nested Loop  (cost=0.43..39826.71 rows=26937 width=18)
                                                   ->  Parallel Seq Scan on part  (cost=0.00..10307.33 rows=6734 width=4)
                                                         Filter: ((p_name)::text ~~ '%azure%'::text)
                                                   ->  Index Scan using ps_pk on partsupp  (cost=0.43..4.34 rows=4 width=14)
                                                         Index Cond: (ps_partkey = part.p_partkey)
                                             ->  Index Scan using l_sk_pk on lineitem  (cost=0.43..7.03 rows=300 width=66)
                                                   Index Cond: ((l_suppkey = partsupp.ps_suppkey) AND (l_partkey = partsupp.ps_partkey))
                                       ->  Hash  (cost=672.00..672.00 rows=20000 width=8)
                                             ->  Seq Scan on supplier  (cost=0.00..672.00 rows=20000 width=8)
                                 ->  Index Scan using o_ok on orders  (cost=0.43..0.47 rows=1 width=8)
                                       Index Cond: (o_orderkey = lineitem.l_orderkey)
                           ->  Hash  (cost=1.25..1.25 rows=25 width=108)
                                 ->  Seq Scan on nation  (cost=0.00..1.25 rows=25 width=108)
 JIT:
   Functions: 39
   Options: Inlining false, Optimization false, Expressions true, Deforming true
(30 rows)

COMMIT;
COMMIT

Query 9 execution times in seconds: 0.213,0.204,0.201,0.207,0.202,0.210,0.200,0.207,0.204,0.203
Average execution time: 0.2051 seconds

BEGIN;
BEGIN
EXPLAIN
select
	c_custkey,
	c_name,
	sum(l_extendedprice * (1 - l_discount)) as revenue,
	c_acctbal,
	n_name,
	c_address,
	c_phone,
	c_comment
from
	customer,
	orders,
	lineitem,
	nation
where
	c_custkey = o_custkey
	and l_orderkey = o_orderkey
	and o_orderdate >= date '1993-08-01'
	and o_orderdate < cast(date '1993-08-01' + interval '3 month' as date)
	and l_returnflag = 'R'
	and c_nationkey = n_nationkey
group by
	c_custkey,
	c_name,
	c_acctbal,
	c_phone,
	n_name,
	c_address,
	c_comment
order by
	revenue desc
LIMIT 20;
                                                                     QUERY PLAN                                                                     
----------------------------------------------------------------------------------------------------------------------------------------------------
 Limit  (cost=361263.15..361263.20 rows=20 width=279)
   ->  Sort  (cost=361263.15..361268.75 rows=2241 width=279)
         Sort Key: (sum((lineitem.l_extendedprice * ('1'::numeric - lineitem.l_discount)))) DESC
         ->  Finalize GroupAggregate  (cost=360915.53..361203.52 rows=2241 width=279)
               Group Key: customer.c_custkey, nation.n_name
               ->  Gather Merge  (cost=360915.53..361156.83 rows=1868 width=279)
                     Workers Planned: 2
                     ->  Partial GroupAggregate  (cost=359915.50..359941.19 rows=934 width=279)
                           Group Key: customer.c_custkey, nation.n_name
                           ->  Sort  (cost=359915.50..359917.84 rows=934 width=283)
                                 Sort Key: customer.c_custkey, nation.n_name
                                 ->  Hash Join  (cost=71583.76..359869.42 rows=934 width=283)
                                       Hash Cond: (customer.c_nationkey = nation.n_nationkey)
                                       ->  Nested Loop  (cost=71582.20..359865.00 rows=934 width=183)
                                             ->  Parallel Hash Join  (cost=71581.77..359184.95 rows=934 width=40)
                                                   Hash Cond: (lineitem.l_orderkey = orders.o_orderkey)
                                                   ->  Parallel Seq Scan on lineitem  (cost=0.00..287537.56 rows=24996 width=40)
                                                         Filter: (l_returnflag = 'R'::bpchar)
                                                   ->  Parallel Hash  (cost=70998.00..70998.00 rows=46702 width=8)
                                                         ->  Parallel Seq Scan on orders  (cost=0.00..70998.00 rows=46702 width=8)
                                                               Filter: ((o_orderdate >= '1993-08-01'::date) AND (o_orderdate < '1993-11-01'::date))
                                             ->  Index Scan using c_ck on customer  (cost=0.42..0.73 rows=1 width=147)
                                                   Index Cond: (c_custkey = orders.o_custkey)
                                       ->  Hash  (cost=1.25..1.25 rows=25 width=108)
                                             ->  Seq Scan on nation  (cost=0.00..1.25 rows=25 width=108)
 JIT:
   Functions: 36
   Options: Inlining false, Optimization false, Expressions true, Deforming true
(28 rows)

COMMIT;
COMMIT

Query 10 execution times in seconds: 0.197,0.202,0.197,0.208,0.202,0.187,0.200,0.182,0.198,0.201
Average execution time: 0.1974 seconds

BEGIN;
BEGIN
EXPLAIN
select
	ps_partkey,
	sum(ps_supplycost * ps_availqty) as value
from
	partsupp,
	supplier,
	nation
where
	ps_suppkey = s_suppkey
	and s_nationkey = n_nationkey
	and n_name = 'ROMANIA'
group by
	ps_partkey having
		sum(ps_supplycost * ps_availqty) > (
			select
				sum(ps_supplycost * ps_availqty) *         inf
			from
				partsupp,
				supplier,
				nation
			where
				ps_suppkey = s_suppkey
				and s_nationkey = n_nationkey
				and n_name = 'ROMANIA'
		)
order by
	value desc;
ERROR:  column "inf" does not exist
LINE 17:     sum(ps_supplycost * ps_availqty) *         inf
                                                        ^

Query 11 execution times in seconds: 0.136,0.141,0.142,0.136,0.142,0.133,0.127,0.140,0.136,0.137
Average execution time: 0.1370 seconds

BEGIN;
BEGIN
EXPLAIN
select
	l_shipmode,
	sum(case
		when o_orderpriority = '1-URGENT'
			or o_orderpriority = '2-HIGH'
			then 1
		else 0
	end) as high_line_count,
	sum(case
		when o_orderpriority <> '1-URGENT'
			and o_orderpriority <> '2-HIGH'
			then 1
		else 0
	end) as low_line_count
from
	orders,
	lineitem
where
	o_orderkey = l_orderkey
	and l_shipmode in ('MAIL', 'SHIP')
	and l_commitdate < l_receiptdate
	and l_shipdate < l_commitdate
	and l_receiptdate >= date '1997-01-01'
	and l_receiptdate < date '1997-01-01' + interval '1 year'
group by
	l_shipmode
order by
	l_shipmode;
                                                                                                                                  QUERY PLAN                                                                                                                                  
------------------------------------------------------------------------------------------------------------------------------------------------------------------------------------------------------------------------------------------------------------------------------
 Finalize GroupAggregate  (cost=338766.44..338774.73 rows=57 width=60)
   Group Key: lineitem.l_shipmode
   ->  Gather Merge  (cost=338766.44..338773.74 rows=56 width=60)
         Workers Planned: 2
         ->  Partial GroupAggregate  (cost=337766.42..337767.26 rows=28 width=60)
               Group Key: lineitem.l_shipmode
               ->  Sort  (cost=337766.42..337766.49 rows=28 width=60)
                     Sort Key: lineitem.l_shipmode
                     ->  Nested Loop  (cost=0.43..337765.74 rows=28 width=60)
                           ->  Parallel Seq Scan on lineitem  (cost=0.00..337529.21 rows=28 width=48)
                                 Filter: ((l_shipmode = ANY ('{MAIL,SHIP}'::bpchar[])) AND (l_commitdate < l_receiptdate) AND (l_shipdate < l_commitdate) AND (l_receiptdate >= '1997-01-01'::date) AND (l_receiptdate < '1998-01-01 00:00:00'::timestamp without time zone))
                           ->  Index Scan using o_ok on orders  (cost=0.43..8.45 rows=1 width=20)
                                 Index Cond: (o_orderkey = lineitem.l_orderkey)
 JIT:
   Functions: 15
   Options: Inlining false, Optimization false, Expressions true, Deforming true
(16 rows)

COMMIT;
COMMIT

Query 12 execution times in seconds: 0.185,0.177,0.174,0.189,0.181,0.198,0.186,0.189,0.185,0.193
Average execution time: 0.1857 seconds

BEGIN;
BEGIN
EXPLAIN
select
	c_count,
	count(*) as custdist
from
	(
		select
			c_custkey,
			count(o_orderkey)
		from
			customer left outer join orders on
				c_custkey = o_custkey
				and o_comment not like '%express%packages%'
		group by
			c_custkey
	) as c_orders (c_custkey, c_count)
group by
	c_count
order by
	custdist desc,
	c_count desc;
                                                                QUERY PLAN                                                                 
-------------------------------------------------------------------------------------------------------------------------------------------
 Sort  (cost=275834.00..275834.50 rows=200 width=16)
   Sort Key: (count(*)) DESC, (count(orders.o_orderkey)) DESC
   ->  HashAggregate  (cost=275824.36..275826.36 rows=200 width=16)
         Group Key: count(orders.o_orderkey)
         ->  Finalize GroupAggregate  (cost=195319.47..271324.36 rows=300000 width=12)
               Group Key: customer.c_custkey
               ->  Gather Merge  (cost=195319.47..265324.36 rows=600000 width=12)
                     Workers Planned: 2
                     ->  Sort  (cost=194319.45..195069.45 rows=300000 width=12)
                           Sort Key: customer.c_custkey
                           ->  Partial HashAggregate  (cost=149135.39..161900.04 rows=300000 width=12)
                                 Group Key: customer.c_custkey
                                 Planned Partitions: 4
                                 ->  Parallel Hash Right Join  (cost=7675.96..78829.93 rows=1249875 width=8)
                                       Hash Cond: (orders.o_custkey = customer.c_custkey)
                                       ->  Parallel Seq Scan on orders  (cost=0.00..67873.00 rows=1249875 width=8)
                                             Filter: ((o_comment)::text !~~ '%express%packages%'::text)
                                       ->  Parallel Hash  (cost=6113.46..6113.46 rows=125000 width=4)
                                             ->  Parallel Index Only Scan using c_ck on customer  (cost=0.42..6113.46 rows=125000 width=4)
 JIT:
   Functions: 18
   Options: Inlining false, Optimization false, Expressions true, Deforming true
(22 rows)

COMMIT;
COMMIT

Query 13 execution times in seconds: 0.193,0.185,0.194,0.191,0.184,0.187,0.187,0.188,0.182,0.182
Average execution time: 0.1873 seconds

BEGIN;
BEGIN
EXPLAIN
select
	100.00 * sum(case
		when p_type like 'PROMO%'
			then l_extendedprice * (1 - l_discount)
		else 0
	end) / sum(l_extendedprice * (1 - l_discount)) as promo_revenue
from
	lineitem,
	part
where
	l_partkey = p_partkey
	and l_shipdate >= date '1993-11-01'
	and l_shipdate < cast(date '1993-11-01' + interval '1 month' as date);
                                                  QUERY PLAN                                                  
--------------------------------------------------------------------------------------------------------------
 Finalize Aggregate  (cost=316181.71..316181.73 rows=1 width=32)
   ->  Gather  (cost=316181.48..316181.69 rows=2 width=64)
         Workers Planned: 2
         ->  Partial Aggregate  (cost=315181.48..315181.49 rows=1 width=64)
               ->  Parallel Hash Join  (cost=13114.00..314744.06 rows=24995 width=57)
                     Hash Cond: (lineitem.l_partkey = part.p_partkey)
                     ->  Parallel Seq Scan on lineitem  (cost=0.00..300032.44 rows=24995 width=40)
                           Filter: ((l_shipdate >= '1993-11-01'::date) AND (l_shipdate < '1993-12-01'::date))
                     ->  Parallel Hash  (cost=9890.67..9890.67 rows=166667 width=25)
                           ->  Parallel Seq Scan on part  (cost=0.00..9890.67 rows=166667 width=25)
 JIT:
   Functions: 16
   Options: Inlining false, Optimization false, Expressions true, Deforming true
(13 rows)

COMMIT;
COMMIT

Query 14 execution times in seconds: 0.186,0.182,0.189,0.190,0.185,0.189,0.168,0.181,0.191,0.181
Average execution time: 0.1842 seconds

BEGIN;
BEGIN
create or replace view revenue0 (supplier_no, total_revenue) as
	select
		l_suppkey,
		sum(l_extendedprice * (1 - l_discount))
	from
		lineitem
	where
		l_shipdate >= '1994-10-01'
		and l_shipdate < date'1994-10-01' + interval '90 days'
	group by
		l_suppkey;
CREATE VIEW
EXPLAIN
select
	s_suppkey,
	s_name,
	s_address,
	s_phone,
	total_revenue
from
	supplier,
	revenue0
where
	s_suppkey = supplier_no
	and total_revenue = (
		select
			max(total_revenue)
		from
			revenue0
	)
order by
	s_suppkey;
                                                                         QUERY PLAN                                                                         
------------------------------------------------------------------------------------------------------------------------------------------------------------
 Nested Loop  (cost=614451.72..620285.79 rows=99 width=103)
   InitPlan 1
     ->  Aggregate  (cost=309940.62..309940.63 rows=1 width=32)
           ->  Finalize GroupAggregate  (cost=304510.80..309692.32 rows=19864 width=36)
                 Group Key: lineitem_1.l_suppkey
                 ->  Gather Merge  (cost=304510.80..309146.06 rows=39728 width=36)
                       Workers Planned: 2
                       ->  Sort  (cost=303510.78..303560.44 rows=19864 width=36)
                             Sort Key: lineitem_1.l_suppkey
                             ->  Partial HashAggregate  (cost=301844.40..302092.70 rows=19864 width=36)
                                   Group Key: lineitem_1.l_suppkey
                                   ->  Parallel Seq Scan on lineitem lineitem_1  (cost=0.00..300033.62 rows=181078 width=16)
                                         Filter: ((l_shipdate >= '1994-10-01'::date) AND (l_shipdate < '1994-12-30 00:00:00'::timestamp without time zone))
   ->  Finalize GroupAggregate  (cost=304510.80..309741.98 rows=99 width=36)
         Group Key: lineitem.l_suppkey
         Filter: (sum((lineitem.l_extendedprice * ('1'::numeric - lineitem.l_discount))) = (InitPlan 1).col1)
         ->  Gather Merge  (cost=304510.80..309146.06 rows=39728 width=36)
               Workers Planned: 2
               ->  Sort  (cost=303510.78..303560.44 rows=19864 width=36)
                     Sort Key: lineitem.l_suppkey
                     ->  Partial HashAggregate  (cost=301844.40..302092.70 rows=19864 width=36)
                           Group Key: lineitem.l_suppkey
                           ->  Parallel Seq Scan on lineitem  (cost=0.00..300033.62 rows=181078 width=16)
                                 Filter: ((l_shipdate >= '1994-10-01'::date) AND (l_shipdate < '1994-12-30 00:00:00'::timestamp without time zone))
   ->  Index Scan using s_sk on supplier  (cost=0.29..6.08 rows=1 width=71)
         Index Cond: (s_suppkey = lineitem.l_suppkey)
 JIT:
   Functions: 25
   Options: Inlining true, Optimization true, Expressions true, Deforming true
(29 rows)

drop view revenue0;
DROP VIEW
COMMIT;
COMMIT

Query 15 execution times in seconds: 0.184,0.179,0.190,0.194,0.187,0.182,0.193,0.202,0.199,0.193
Average execution time: 0.1903 seconds

BEGIN;
BEGIN
EXPLAIN
select
	p_brand,
	p_type,
	p_size,
	count(distinct ps_suppkey) as supplier_cnt
from
	partsupp,
	part
where
	p_partkey = ps_partkey
	and p_brand <> 'Brand#25'
	and p_type not like 'STANDARD PLATED%'
	and p_size in (37, 50, 10, 16, 12, 23, 48, 26)
	and ps_suppkey not in (
		select
			s_suppkey
		from
			supplier
		where
			s_comment like '%Customer%Complaints%'
	)
group by
	p_brand,
	p_type,
	p_size
order by
	supplier_cnt desc,
	p_brand,
	p_type,
	p_size;
                                                            QUERY PLAN                                                             
-----------------------------------------------------------------------------------------------------------------------------------
 Sort  (cost=68106.99..68187.11 rows=32048 width=44)
   Sort Key: (count(DISTINCT partsupp.ps_suppkey)) DESC, part.p_brand, part.p_type, part.p_size
   ->  GroupAggregate  (cost=50296.29..65708.52 rows=32048 width=44)
         Group Key: part.p_brand, part.p_type, part.p_size
         ->  Gather Merge  (cost=50296.29..64194.70 rows=119334 width=40)
               Workers Planned: 2
               ->  Sort  (cost=49296.27..49420.57 rows=49722 width=40)
                     Sort Key: part.p_brand, part.p_type, part.p_size, partsupp.ps_suppkey
                     ->  Parallel Hash Join  (cost=10631.34..45417.56 rows=49722 width=40)
                           Hash Cond: (partsupp.ps_partkey = part.p_partkey)
                           ->  Parallel Index Only Scan using ps_pk_sk on partsupp  (cost=722.43..34633.64 rows=333333 width=8)
                                 Filter: (NOT (ANY (ps_suppkey = (hashed SubPlan 1).col1)))
                                 SubPlan 1
                                   ->  Seq Scan on supplier  (cost=0.00..722.00 rows=2 width=4)
                                         Filter: ((s_comment)::text ~~ '%Customer%Complaints%'::text)
                           ->  Parallel Hash  (cost=9598.14..9598.14 rows=24861 width=40)
                                 ->  Parallel Bitmap Heap Scan on part  (cost=706.78..9598.14 rows=24861 width=40)
                                       Recheck Cond: (p_size = ANY ('{37,50,10,16,12,23,48,26}'::integer[]))
                                       Filter: ((p_brand <> 'Brand#25'::bpchar) AND ((p_type)::text !~~ 'STANDARD PLATED%'::text))
                                       ->  Bitmap Index Scan on p_s  (cost=0.00..691.86 rows=64067 width=0)
                                             Index Cond: (p_size = ANY ('{37,50,10,16,12,23,48,26}'::integer[]))
(21 rows)

COMMIT;
COMMIT

Query 16 execution times in seconds: 0.142,0.150,0.140,0.148,0.149,0.144,0.148,0.148,0.148,0.146
Average execution time: 0.1463 seconds

BEGIN;
BEGIN
EXPLAIN
select
	sum(l_extendedprice) / 7.0 as avg_yearly
from
	lineitem,
	part
where
	p_partkey = l_partkey
	and p_brand = 'Brand#55'
	and p_container = 'WRAP BAG'
	and l_quantity < (
		select
			0.2 * avg(l_quantity)
		from
			lineitem
		where
			l_partkey = p_partkey
	);
                                                QUERY PLAN                                                 
-----------------------------------------------------------------------------------------------------------
 Aggregate  (cost=389584.38..389584.40 rows=1 width=32)
   ->  Hash Join  (cost=11765.40..389575.18 rows=3679 width=8)
         Hash Cond: (lineitem.l_partkey = part.p_partkey)
         Join Filter: (lineitem.l_quantity < (SubPlan 1))
         ->  Seq Scan on lineitem  (cost=0.00..345024.99 rows=11997699 width=17)
         ->  Hash  (cost=11760.80..11760.80 rows=368 width=4)
               ->  Gather  (cost=1000.00..11760.80 rows=368 width=4)
                     Workers Planned: 2
                     ->  Parallel Seq Scan on part  (cost=0.00..10724.00 rows=153 width=4)
                           Filter: ((p_brand = 'Brand#55'::bpchar) AND (p_container = 'WRAP BAG'::bpchar))
         SubPlan 1
           ->  Aggregate  (cost=129.06..129.07 rows=1 width=32)
                 ->  Index Scan using l_pk on lineitem lineitem_1  (cost=0.43..128.98 rows=31 width=5)
                       Index Cond: (l_partkey = part.p_partkey)
 JIT:
   Functions: 24
   Options: Inlining false, Optimization false, Expressions true, Deforming true
(17 rows)

COMMIT;
COMMIT

Query 17 execution times in seconds: 0.190,0.195,0.197,0.188,0.193,0.194,0.197,0.194,0.189,0.179
Average execution time: 0.1916 seconds

BEGIN;
BEGIN
EXPLAIN
select
	c_name,
	c_custkey,
	o_orderkey,
	o_orderdate,
	o_totalprice,
	sum(l_quantity)
from
	customer,
	orders,
	lineitem
where
	o_orderkey in (
		select
			l_orderkey
		from
			lineitem
		group by
			l_orderkey having
				sum(l_quantity) > 314
	)
	and c_custkey = o_custkey
	and o_orderkey = l_orderkey
group by
	c_name,
	c_custkey,
	o_orderkey,
	o_orderdate,
	o_totalprice
order by
	o_totalprice desc,
	o_orderdate
LIMIT 100;
                                                                             QUERY PLAN                                                                             
--------------------------------------------------------------------------------------------------------------------------------------------------------------------
 Limit  (cost=831330.42..831330.67 rows=100 width=71)
   ->  Sort  (cost=831330.42..832671.53 rows=536445 width=71)
         Sort Key: orders.o_totalprice DESC, orders.o_orderdate
         ->  Finalize GroupAggregate  (cost=743023.48..810827.88 rows=536445 width=71)
               Group Key: customer.c_custkey, orders.o_orderkey
               ->  Gather Merge  (cost=743023.48..799651.93 rows=447038 width=71)
                     Workers Planned: 2
                     ->  Partial GroupAggregate  (cost=742023.46..747052.63 rows=223519 width=71)
                           Group Key: customer.c_custkey, orders.o_orderkey
                           ->  Sort  (cost=742023.46..742582.25 rows=223519 width=44)
                                 Sort Key: customer.c_custkey, orders.o_orderkey
                                 ->  Nested Loop  (cost=617478.60..715286.25 rows=223519 width=44)
                                       ->  Parallel Hash Join  (cost=617478.17..626677.80 rows=55890 width=43)
                                             Hash Cond: (customer.c_custkey = orders.o_custkey)
                                             ->  Parallel Seq Scan on customer  (cost=0.00..8498.00 rows=125000 width=23)
                                             ->  Parallel Hash  (cost=616779.54..616779.54 rows=55890 width=24)
                                                   ->  Hash Join  (cost=548750.29..616779.54 rows=55890 width=24)
                                                         Hash Cond: (orders.o_orderkey = lineitem_1.l_orderkey)
                                                         ->  Parallel Seq Scan on orders  (cost=0.00..64748.00 rows=1250000 width=20)
                                                         ->  Hash  (cost=547073.58..547073.58 rows=134137 width=4)
                                                               ->  GroupAggregate  (cost=0.43..547073.58 rows=134137 width=4)
                                                                     Group Key: lineitem_1.l_orderkey
                                                                     Filter: (sum(lineitem_1.l_quantity) > '314'::numeric)
                                                                     ->  Index Scan using l_ok on lineitem lineitem_1  (cost=0.43..481048.92 rows=11997699 width=9)
                                       ->  Index Scan using l_ok on lineitem  (cost=0.43..1.29 rows=30 width=9)
                                             Index Cond: (l_orderkey = orders.o_orderkey)
 JIT:
   Functions: 37
   Options: Inlining true, Optimization true, Expressions true, Deforming true
(29 rows)

COMMIT;
COMMIT

Query 18 execution times in seconds: 0.200,0.197,0.194,0.200,0.179,0.189,0.194,0.199,0.190,0.190
Average execution time: 0.1932 seconds

BEGIN;
BEGIN
EXPLAIN
select
	sum(l_extendedprice* (1 - l_discount)) as revenue
from
	lineitem,
	part
where
	(
		p_partkey = l_partkey
		and p_brand = 'Brand#13'
		and p_container in ('SM CASE', 'SM BOX', 'SM PACK', 'SM PKG')
		and l_quantity >= 2 and l_quantity <= 2+10
		and p_size between 1 and 5
		and l_shipmode in ('AIR', 'AIR REG')
		and l_shipinstruct = 'DELIVER IN PERSON'
	)
	or
	(
		p_partkey = l_partkey
		and p_brand = 'Brand#25'
		and p_container in ('MED BAG', 'MED BOX', 'MED PKG', 'MED PACK')
		and l_quantity >= 20 and l_quantity <= 20+10
		and p_size between 1 and 10
		and l_shipmode in ('AIR', 'AIR REG')
		and l_shipinstruct = 'DELIVER IN PERSON'
	)
	or
	(
		p_partkey = l_partkey
		and p_brand = 'Brand#43'
		and p_container in ('LG CASE', 'LG BOX', 'LG PACK', 'LG PKG')
		and l_quantity >= 21 and l_quantity <= 21+10
		and p_size between 1 and 15
		and l_shipmode in ('AIR', 'AIR REG')
		and l_shipinstruct = 'DELIVER IN PERSON'
	);
                                                                                                                                                                                                                                                                                                                                                                                                                                                                                                              QUERY PLAN                                                                                                                                                                                                                                                                                                                                                                                                                                                                                                              
--------------------------------------------------------------------------------------------------------------------------------------------------------------------------------------------------------------------------------------------------------------------------------------------------------------------------------------------------------------------------------------------------------------------------------------------------------------------------------------------------------------------------------------------------------------------------------------------------------------------------------------------------------------------------------------------------------------------------------------------------------------------------------------------------------------------------------------------------------------------------------------------------------------------------------------------------------------------------------------------------------------------------------------
 Finalize Aggregate  (cost=65801.92..65801.93 rows=1 width=32)
   ->  Gather  (cost=65801.69..65801.90 rows=2 width=32)
         Workers Planned: 2
         ->  Partial Aggregate  (cost=64801.69..64801.70 rows=1 width=32)
               ->  Nested Loop  (cost=0.43..64800.98 rows=95 width=12)
                     ->  Parallel Seq Scan on part  (cost=0.00..15307.33 rows=402 width=30)
                           Filter: ((p_size >= 1) AND (((p_brand = 'Brand#13'::bpchar) AND (p_container = ANY ('{"SM CASE","SM BOX","SM PACK","SM PKG"}'::bpchar[])) AND (p_size <= 5)) OR ((p_brand = 'Brand#25'::bpchar) AND (p_container = ANY ('{"MED BAG","MED BOX","MED PKG","MED PACK"}'::bpchar[])) AND (p_size <= 10)) OR ((p_brand = 'Brand#43'::bpchar) AND (p_container = ANY ('{"LG CASE","LG BOX","LG PACK","LG PKG"}'::bpchar[])) AND (p_size <= 15))))
                     ->  Index Scan using l_pk on lineitem  (cost=0.43..123.11 rows=1 width=21)
                           Index Cond: (l_partkey = part.p_partkey)
                           Filter: ((l_shipmode = ANY ('{AIR,"AIR REG"}'::bpchar[])) AND (l_shipinstruct = 'DELIVER IN PERSON'::bpchar) AND (((l_quantity >= '2'::numeric) AND (l_quantity <= '12'::numeric)) OR ((l_quantity >= '20'::numeric) AND (l_quantity <= '30'::numeric)) OR ((l_quantity >= '21'::numeric) AND (l_quantity <= '31'::numeric))) AND (((part.p_brand = 'Brand#13'::bpchar) AND (part.p_container = ANY ('{"SM CASE","SM BOX","SM PACK","SM PKG"}'::bpchar[])) AND (l_quantity >= '2'::numeric) AND (l_quantity <= '12'::numeric) AND (part.p_size <= 5)) OR ((part.p_brand = 'Brand#25'::bpchar) AND (part.p_container = ANY ('{"MED BAG","MED BOX","MED PKG","MED PACK"}'::bpchar[])) AND (l_quantity >= '20'::numeric) AND (l_quantity <= '30'::numeric) AND (part.p_size <= 10)) OR ((part.p_brand = 'Brand#43'::bpchar) AND (part.p_container = ANY ('{"LG CASE","LG BOX","LG PACK","LG PKG"}'::bpchar[])) AND (l_quantity >= '21'::numeric) AND (l_quantity <= '31'::numeric) AND (part.p_size <= 15))))
(10 rows)

COMMIT;
COMMIT

Query 19 execution times in seconds: 0.149,0.147,0.146,0.148,0.142,0.141,0.142,0.149,0.150,0.137
Average execution time: 0.1451 seconds

BEGIN;
BEGIN
EXPLAIN
select
	s_name,
	s_address
from
	supplier,
	nation
where
	s_suppkey in (
		select
			ps_suppkey
		from
			partsupp
		where
			ps_partkey in (
				select
					p_partkey
				from
					part
				where
					p_name like 'gainsboro%'
			)
			and ps_availqty > (
				select
					0.5 * sum(l_quantity)
				from
					lineitem
				where
					l_partkey = ps_partkey
					and l_suppkey = ps_suppkey
					and l_shipdate >= '1996-01-01'
					and l_shipdate < cast(date '1996-01-01' + interval '1 year' as date)
			)
	)
	and s_nationkey = n_nationkey
	and n_name = 'UNITED STATES'
order by
	s_name;
                                                          QUERY PLAN                                                           
-------------------------------------------------------------------------------------------------------------------------------
 Sort  (cost=177018.59..177019.12 rows=215 width=51)
   Sort Key: supplier.s_name
   ->  Hash Semi Join  (cost=176497.87..177010.26 rows=215 width=51)
         Hash Cond: (supplier.s_suppkey = partsupp.ps_suppkey)
         ->  Nested Loop  (cost=10.49..517.31 rows=800 width=55)
               ->  Seq Scan on nation  (cost=0.00..1.31 rows=1 width=4)
                     Filter: (n_name = 'UNITED STATES'::bpchar)
               ->  Bitmap Heap Scan on supplier  (cost=10.49..508.00 rows=800 width=59)
                     Recheck Cond: (s_nationkey = nation.n_nationkey)
                     ->  Bitmap Index Scan on s_nk  (cost=0.00..10.29 rows=800 width=0)
                           Index Cond: (s_nationkey = nation.n_nationkey)
         ->  Hash  (cost=176420.04..176420.04 rows=5387 width=4)
               ->  Nested Loop  (cost=0.43..176420.04 rows=5387 width=4)
                     ->  Seq Scan on part  (cost=0.00..13224.00 rows=4040 width=4)
                           Filter: ((p_name)::text ~~ 'gainsboro%'::text)
                     ->  Index Scan using ps_pk on partsupp  (cost=0.43..40.39 rows=1 width=8)
                           Index Cond: (ps_partkey = part.p_partkey)
                           Filter: ((ps_availqty)::numeric > (SubPlan 1))
                           SubPlan 1
                             ->  Aggregate  (cost=8.46..8.48 rows=1 width=32)
                                   ->  Index Scan using l_sk_pk on lineitem  (cost=0.43..8.46 rows=1 width=5)
                                         Index Cond: ((l_suppkey = partsupp.ps_suppkey) AND (l_partkey = partsupp.ps_partkey))
                                         Filter: ((l_shipdate >= '1996-01-01'::date) AND (l_shipdate < '1997-01-01'::date))
 JIT:
   Functions: 30
   Options: Inlining false, Optimization false, Expressions true, Deforming true
(26 rows)

COMMIT;
COMMIT

Query 20 execution times in seconds: 0.199,0.193,0.191,0.196,0.191,0.184,0.189,0.201,0.189,0.186
Average execution time: 0.1919 seconds

BEGIN;
BEGIN
EXPLAIN
select
	s_name,
	count(*) as numwait
from
	supplier,
	lineitem l1,
	orders,
	nation
where
	s_suppkey = l1.l_suppkey
	and o_orderkey = l1.l_orderkey
	and o_orderstatus = 'F'
	and l1.l_receiptdate > l1.l_commitdate
	and exists (
		select
			*
		from
			lineitem l2
		where
			l2.l_orderkey = l1.l_orderkey
			and l2.l_suppkey <> l1.l_suppkey
	)
	and not exists (
		select
			*
		from
			lineitem l3
		where
			l3.l_orderkey = l1.l_orderkey
			and l3.l_suppkey <> l1.l_suppkey
			and l3.l_receiptdate > l3.l_commitdate
	)
	and s_nationkey = n_nationkey
	and n_name = 'ALGERIA'
group by
	s_name
order by
	numwait desc,
	s_name
LIMIT 100;
                                                               QUERY PLAN                                                               
----------------------------------------------------------------------------------------------------------------------------------------
 Limit  (cost=364613.47..364613.47 rows=1 width=34)
   ->  Sort  (cost=364613.47..364613.47 rows=1 width=34)
         Sort Key: (count(*)) DESC, supplier.s_name
         ->  GroupAggregate  (cost=364613.44..364613.46 rows=1 width=34)
               Group Key: supplier.s_name
               ->  Sort  (cost=364613.44..364613.44 rows=1 width=26)
                     Sort Key: supplier.s_name
                     ->  Nested Loop  (cost=1528.61..364613.43 rows=1 width=26)
                           ->  Nested Loop Semi Join  (cost=1528.18..364610.65 rows=1 width=34)
                                 ->  Gather  (cost=1527.75..364607.12 rows=1 width=34)
                                       Workers Planned: 2
                                       ->  Nested Loop Anti Join  (cost=527.75..363607.02 rows=1 width=34)
                                             ->  Hash Join  (cost=527.31..294978.67 rows=66654 width=34)
                                                   Hash Cond: (l1.l_suppkey = supplier.s_suppkey)
                                                   ->  Parallel Seq Scan on lineitem l1  (cost=0.00..287536.02 rows=1666347 width=8)
                                                         Filter: (l_receiptdate > l_commitdate)
                                                   ->  Hash  (cost=517.31..517.31 rows=800 width=30)
                                                         ->  Nested Loop  (cost=10.49..517.31 rows=800 width=30)
                                                               ->  Seq Scan on nation  (cost=0.00..1.31 rows=1 width=4)
                                                                     Filter: (n_name = 'ALGERIA'::bpchar)
                                                               ->  Bitmap Heap Scan on supplier  (cost=10.49..508.00 rows=800 width=34)
                                                                     Recheck Cond: (s_nationkey = nation.n_nationkey)
                                                                     ->  Bitmap Index Scan on s_nk  (cost=0.00..10.29 rows=800 width=0)
                                                                           Index Cond: (s_nationkey = nation.n_nationkey)
                                             ->  Index Scan using l_ok on lineitem l3  (cost=0.43..3.59 rows=10 width=8)
                                                   Index Cond: (l_orderkey = l1.l_orderkey)
                                                   Filter: ((l_receiptdate > l_commitdate) AND (l_suppkey <> l1.l_suppkey))
                                 ->  Index Scan using l_ok on lineitem l2  (cost=0.43..3.51 rows=30 width=8)
                                       Index Cond: (l_orderkey = l1.l_orderkey)
                                       Filter: (l_suppkey <> l1.l_suppkey)
                           ->  Index Scan using o_ok on orders  (cost=0.43..2.78 rows=1 width=4)
                                 Index Cond: (o_orderkey = l1.l_orderkey)
                                 Filter: (o_orderstatus = 'F'::bpchar)
 JIT:
   Functions: 38
   Options: Inlining false, Optimization false, Expressions true, Deforming true
(36 rows)

COMMIT;
COMMIT

Query 21 execution times in seconds: 0.199,0.199,0.200,0.194,0.196,0.194,0.200,0.201,0.201,0.194
Average execution time: 0.1978 seconds

BEGIN;
BEGIN
EXPLAIN
select
	cntrycode,
	count(*) as numcust,
	sum(c_acctbal) as totacctbal
from
	(
		select
			substring(c_phone from 1 for 2) as cntrycode,
			c_acctbal
		from
			customer
		where
			substring(c_phone from 1 for 2) in
				('18', '10', '24', '11', '25', '16', '29')
			and c_acctbal > (
				select
					avg(c_acctbal)
				from
					customer
				where
					c_acctbal > 0.00
					and substring(c_phone from 1 for 2) in
						('18', '10', '24', '11', '25', '16', '29')
			)
			and not exists (
				select
					*
				from
					orders
				where
					o_custkey = c_custkey
			)
	) as vip
group by
	cntrycode
order by
	cntrycode;
                                                               QUERY PLAN                                                                
-----------------------------------------------------------------------------------------------------------------------------------------
 Finalize GroupAggregate  (cost=23767.74..23969.55 rows=1511 width=72)
   Group Key: (SUBSTRING(customer.c_phone FROM 1 FOR 2))
   InitPlan 1
     ->  Finalize Aggregate  (cost=11539.36..11539.37 rows=1 width=32)
           ->  Gather  (cost=11539.14..11539.35 rows=2 width=32)
                 Workers Planned: 2
                 ->  Partial Aggregate  (cost=10539.14..10539.15 rows=1 width=32)
                       ->  Parallel Seq Scan on customer customer_1  (cost=0.00..10529.25 rows=3954 width=6)
                             Filter: ((c_acctbal > 0.00) AND (SUBSTRING(c_phone FROM 1 FOR 2) = ANY ('{18,10,24,11,25,16,29}'::text[])))
   ->  Gather Merge  (cost=12228.37..12391.13 rows=1260 width=72)
         Workers Planned: 2
         ->  Partial GroupAggregate  (cost=11228.35..11245.67 rows=630 width=72)
               Group Key: (SUBSTRING(customer.c_phone FROM 1 FOR 2))
               ->  Sort  (cost=11228.35..11229.92 rows=630 width=38)
                     Sort Key: (SUBSTRING(customer.c_phone FROM 1 FOR 2))
                     ->  Nested Loop Anti Join  (cost=1855.73..11199.06 rows=630 width=38)
                           ->  Parallel Bitmap Heap Scan on customer  (cost=1855.30..10197.05 rows=1458 width=26)
                                 Recheck Cond: (c_acctbal > (InitPlan 1).col1)
                                 Filter: (SUBSTRING(c_phone FROM 1 FOR 2) = ANY ('{18,10,24,11,25,16,29}'::text[]))
                                 ->  Bitmap Index Scan on c_acb  (cost=0.00..1854.42 rows=100000 width=0)
                                       Index Cond: (c_acctbal > (InitPlan 1).col1)
                           ->  Index Only Scan using o_ck on orders  (cost=0.43..3.30 rows=18 width=4)
                                 Index Cond: (o_custkey = customer.c_custkey)
(23 rows)

COMMIT;
COMMIT

Query 22 execution times in seconds: 0.139,0.147,0.142,0.141,0.145,0.139,0.137,0.144,0.150,0.144
Average execution time: 0.1428 seconds


